#
# There is insufficient memory for the Java Runtime Environment to continue.
# Native memory allocation (mmap) failed to map 234881024 bytes for G1 virtual space
# Possible reasons:
#   The system is out of physical RAM or swap space
#   The process is running with CompressedOops enabled, and the Java Heap may be blocking the growth of the native heap
# Possible solutions:
#   Reduce memory load on the system
#   Increase physical memory or swap space
#   Check if swap backing store is full
#   Decrease Java heap size (-Xmx/-Xms)
#   Decrease number of Java threads
#   Decrease Java thread stack sizes (-Xss)
#   Set larger code cache with -XX:ReservedCodeCacheSize=
#   JVM is running with Zero Based Compressed Oops mode in which the Java heap is
#     placed in the first 32GB address space. The Java Heap base address is the
#     maximum limit for the native heap growth. Please use -XX:HeapBaseMinAddress
#     to set the Java Heap base and to place the Java Heap above 32GB virtual address.
# This output file may be truncated or incomplete.
#
#  Out of Memory Error (os_windows.cpp:3769), pid=12832, tid=7464
#
# JRE version:  (17.0.6) (build )
# Java VM: OpenJDK 64-Bit Server VM (17.0.6+0-b2043.56-10027231, mixed mode, sharing, tiered, compressed oops, compressed class ptrs, g1 gc, windows-amd64)
# No core dump will be written. Minidumps are not enabled by default on client versions of Windows
#

---------------  S U M M A R Y ------------

Command Line: 

Host: AMD Ryzen 5 5600G with Radeon Graphics         , 12 cores, 13G,  Windows 11 , 64 bit Build 22000 (10.0.22000.2360)
Time: Sun Oct  8 17:45:32 2023 Hora est. Pacífico, Sudamérica elapsed time: 0.007188 seconds (0d 0h 0m 0s)

---------------  T H R E A D  ---------------

Current thread (0x000001daf4f3d9c0):  JavaThread "Unknown thread" [_thread_in_vm, id=7464, stack(0x0000004c0f700000,0x0000004c0f800000)]

Stack: [0x0000004c0f700000,0x0000004c0f800000]
Native frames: (J=compiled Java code, j=interpreted, Vv=VM code, C=native code)
V  [jvm.dll+0x683c9a]
V  [jvm.dll+0x8427a4]
V  [jvm.dll+0x843f9e]
V  [jvm.dll+0x844603]
V  [jvm.dll+0x249b75]
V  [jvm.dll+0x680b69]
V  [jvm.dll+0x67505a]
V  [jvm.dll+0x309acb]
V  [jvm.dll+0x310f86]
V  [jvm.dll+0x3608ee]
V  [jvm.dll+0x360b1f]
V  [jvm.dll+0x2dfbf8]
V  [jvm.dll+0x2e0b64]
V  [jvm.dll+0x814091]
V  [jvm.dll+0x36e6a1]
V  [jvm.dll+0x7f35cc]
V  [jvm.dll+0x3f0e8f]
V  [jvm.dll+0x3f29d1]
C  [jli.dll+0x526b]
C  [ucrtbase.dll+0x26c0c]
C  [KERNEL32.DLL+0x153e0]
C  [ntdll.dll+0x485b]


---------------  P R O C E S S  ---------------

Threads class SMR info:
_java_thread_list=0x00007ff9f8c5c058, length=0, elements={
}

Java Threads: ( => current thread )

Other Threads:
  0x000001daf4fa13a0 GCTaskThread "GC Thread#0" [stack: 0x0000004c0f800000,0x0000004c0f900000] [id=13504]
  0x000001daf4fb0840 ConcurrentGCThread "G1 Main Marker" [stack: 0x0000004c0f900000,0x0000004c0fa00000] [id=17152]
  0x000001daf4fb1900 ConcurrentGCThread "G1 Conc#0" [stack: 0x0000004c0fa00000,0x0000004c0fb00000] [id=6884]

[error occurred during error reporting (printing all threads), id 0xc0000005, EXCEPTION_ACCESS_VIOLATION (0xc0000005) at pc=0x00007ff9f8410797]

VM state: not at safepoint (not fully initialized)

VM Mutex/Monitor currently owned by a thread:  ([mutex/lock_event])
[0x000001daf4f39d20] Heap_lock - owner thread: 0x000001daf4f3d9c0

Heap address: 0x0000000721c00000, size: 3556 MB, Compressed Oops mode: Zero based, Oop shift amount: 3

CDS archive(s) mapped at: [0x0000000000000000-0x0000000000000000-0x0000000000000000), size 0, SharedBaseAddress: 0x0000000800000000, ArchiveRelocationMode: 0.
Narrow klass base: 0x0000000000000000, Narrow klass shift: 0, Narrow klass range: 0x0

GC Precious Log:
<Empty>

Heap:
 garbage-first heap   total 0K, used 0K [0x0000000721c00000, 0x0000000800000000)
  region size 2048K, 0 young (0K), 0 survivors (0K)

[error occurred during error reporting (printing heap information), id 0xc0000005, EXCEPTION_ACCESS_VIOLATION (0xc0000005) at pc=0x00007ff9f87fda89]

GC Heap History (0 events):
No events

Dll operation events (1 events):
Event: 0.004 Loaded shared library D:\Android Studio\jbr\bin\java.dll

Deoptimization events (0 events):
No events

Classes unloaded (0 events):
No events

Classes redefined (0 events):
No events

Internal exceptions (0 events):
No events

VM Operations (0 events):
No events

Events (0 events):
No events


Dynamic libraries:
0x00007ff62b8a0000 - 0x00007ff62b8aa000 	D:\Android Studio\jbr\bin\java.EXE
0x00007ffa89de0000 - 0x00007ffa89fe9000 	C:\Windows\SYSTEM32\ntdll.dll
0x00007ffa88570000 - 0x00007ffa8862d000 	C:\Windows\System32\KERNEL32.DLL
0x00007ffa872f0000 - 0x00007ffa87674000 	C:\Windows\System32\KERNELBASE.dll
0x00007ffa87680000 - 0x00007ffa87791000 	C:\Windows\System32\ucrtbase.dll
0x00007ffa53ce0000 - 0x00007ffa53cf7000 	D:\Android Studio\jbr\bin\jli.dll
0x00007ffa535a0000 - 0x00007ffa535bb000 	D:\Android Studio\jbr\bin\VCRUNTIME140.dll
0x00007ffa89a60000 - 0x00007ffa89c0d000 	C:\Windows\System32\USER32.dll
0x00007ffa7b4f0000 - 0x00007ffa7b795000 	C:\Windows\WinSxS\amd64_microsoft.windows.common-controls_6595b64144ccf1df_6.0.22000.120_none_9d947278b86cc467\COMCTL32.dll
0x00007ffa87860000 - 0x00007ffa87886000 	C:\Windows\System32\win32u.dll
0x00007ffa899b0000 - 0x00007ffa89a53000 	C:\Windows\System32\msvcrt.dll
0x00007ffa89d70000 - 0x00007ffa89d9a000 	C:\Windows\System32\GDI32.dll
0x00007ffa879a0000 - 0x00007ffa87abe000 	C:\Windows\System32\gdi32full.dll
0x00007ffa87890000 - 0x00007ffa8792d000 	C:\Windows\System32\msvcp_win.dll
0x00007ffa87c40000 - 0x00007ffa87c71000 	C:\Windows\System32\IMM32.DLL
0x00007ffa6aed0000 - 0x00007ffa6aedc000 	D:\Android Studio\jbr\bin\vcruntime140_1.dll
0x00007ffa35210000 - 0x00007ffa3529d000 	D:\Android Studio\jbr\bin\msvcp140.dll
0x00007ff9f8120000 - 0x00007ff9f8d8e000 	D:\Android Studio\jbr\bin\server\jvm.dll
0x00007ffa88650000 - 0x00007ffa886fe000 	C:\Windows\System32\ADVAPI32.dll
0x00007ffa88820000 - 0x00007ffa888be000 	C:\Windows\System32\sechost.dll
0x00007ffa89420000 - 0x00007ffa89541000 	C:\Windows\System32\RPCRT4.dll
0x00007ffa69c90000 - 0x00007ffa69c99000 	C:\Windows\SYSTEM32\WSOCK32.dll
0x00007ffa819d0000 - 0x00007ffa81a03000 	C:\Windows\SYSTEM32\WINMM.dll
0x00007ffa81590000 - 0x00007ffa8159a000 	C:\Windows\SYSTEM32\VERSION.dll
0x00007ffa88340000 - 0x00007ffa883af000 	C:\Windows\System32\WS2_32.dll
0x00007ffa863d0000 - 0x00007ffa863e8000 	C:\Windows\SYSTEM32\kernel.appcore.dll
0x00007ffa69b90000 - 0x00007ffa69b9a000 	D:\Android Studio\jbr\bin\jimage.dll
0x00007ffa7fba0000 - 0x00007ffa7fdc1000 	C:\Windows\SYSTEM32\DBGHELP.DLL
0x00007ffa77d60000 - 0x00007ffa77d91000 	C:\Windows\SYSTEM32\dbgcore.DLL
0x00007ffa87270000 - 0x00007ffa872ef000 	C:\Windows\System32\bcryptPrimitives.dll
0x00007ffa530b0000 - 0x00007ffa530d5000 	D:\Android Studio\jbr\bin\java.dll

dbghelp: loaded successfully - version: 4.0.5 - missing functions: none
symbol engine: initialized successfully - sym options: 0x614 - pdb path: .;D:\Android Studio\jbr\bin;C:\Windows\SYSTEM32;C:\Windows\WinSxS\amd64_microsoft.windows.common-controls_6595b64144ccf1df_6.0.22000.120_none_9d947278b86cc467;D:\Android Studio\jbr\bin\server

VM Arguments:
java_command: <unknown>
java_class_path (initial): <not set>
Launcher Type: SUN_STANDARD

[Global flags]
     intx CICompilerCount                          = 4                                         {product} {ergonomic}
     uint ConcGCThreads                            = 3                                         {product} {ergonomic}
     uint G1ConcRefinementThreads                  = 10                                        {product} {ergonomic}
   size_t G1HeapRegionSize                         = 2097152                                   {product} {ergonomic}
    uintx GCDrainStackTargetSize                   = 64                                        {product} {ergonomic}
   size_t InitialHeapSize                          = 234881024                                 {product} {ergonomic}
   size_t MarkStackSize                            = 4194304                                   {product} {ergonomic}
   size_t MaxHeapSize                              = 3728736256                                {product} {ergonomic}
   size_t MinHeapDeltaBytes                        = 2097152                                   {product} {ergonomic}
   size_t MinHeapSize                              = 8388608                                   {product} {ergonomic}
    uintx NonNMethodCodeHeapSize                   = 5839372                                {pd product} {ergonomic}
    uintx NonProfiledCodeHeapSize                  = 122909434                              {pd product} {ergonomic}
    uintx ProfiledCodeHeapSize                     = 122909434                              {pd product} {ergonomic}
    uintx ReservedCodeCacheSize                    = 251658240                              {pd product} {ergonomic}
     bool SegmentedCodeCache                       = true                                      {product} {ergonomic}
   size_t SoftMaxHeapSize                          = 3728736256                             {manageable} {ergonomic}
     bool UseCompressedClassPointers               = true                           {product lp64_product} {ergonomic}
     bool UseCompressedOops                        = true                           {product lp64_product} {ergonomic}
     bool UseG1GC                                  = true                                      {product} {ergonomic}
     bool UseLargePagesIndividualAllocation        = false                                  {pd product} {ergonomic}

Logging:
Log output configuration:
 #0: stdout all=warning uptime,level,tags
 #1: stderr all=off uptime,level,tags

Environment Variables:
JAVA_HOME=D:\Android Studio\jbr
PATH=D:\Android Studio\jbr\bin;C:\Program Files\Microsoft\jdk-11.0.16.101-hotspot\bin;C:\Windows\system32;C:\Windows;C:\Windows\System32\Wbem;C:\Windows\System32\WindowsPowerShell\v1.0\;C:\Windows\System32\OpenSSH\;C:\Program Files (x86)\NVIDIA Corporation\PhysX\Common;C:\Program Files\NVIDIA Corporation\NVIDIA NvDLISR;C:\Program Files\Git\cmd;C:\Program Files\Microsoft SQL Server\150\Tools\Binn\;C:\Program Files\Microsoft SQL Server\Client SDK\ODBC\170\Tools\Binn\;C:\Program Files\dotnet\;C:\Program Files (x86)\Windows Kits\10\Windows Performance Toolkit\;C:\Program Files\Azure Data Studio\bin;C:\Users\ivan_\AppData\Local\Microsoft\WindowsApps;C:\Users\ivan_\AppData\Local\Programs\Microsoft VS Code\bin;C:\Users\ivan_\.dotnet\tools;C:\Program Files\Azure Data Studio\bin;"D:\TRABAJOS INSTITUTO CONTINENTAL\DESARROLLO DE APLICACIONES MOVILES\flutter\flutter\bin"
USERNAME=IVAN LAZO
OS=Windows_NT
PROCESSOR_IDENTIFIER=AMD64 Family 25 Model 80 Stepping 0, AuthenticAMD
TMP=C:\Users\ivan_\AppData\Local\Temp
TEMP=C:\Users\ivan_\AppData\Local\Temp


JNI global refs:

[error occurred during error reporting (JNI global references), id 0xc0000005, EXCEPTION_ACCESS_VIOLATION (0xc0000005) at pc=0x00007ff9f81d7a10]


---------------  S Y S T E M  ---------------

OS:
 Windows 11 , 64 bit Build 22000 (10.0.22000.2360)
OS uptime: 0 days 22:04 hours

CPU: total 12 (initial active 12) (12 cores per cpu, 2 threads per core) family 25 model 80 stepping 0 microcode 0x0, cx8, cmov, fxsr, ht, mmx, 3dnowpref, sse, sse2, sse3, ssse3, sse4a, sse4.1, sse4.2, popcnt, lzcnt, tsc, tscinvbit, avx, avx2, aes, erms, clmul, bmi1, bmi2, adx, sha, fma, vzeroupper, clflush, clflushopt

Memory: 4k page, system-wide physical 14223M (2564M free)
TotalPageFile size 16271M (AvailPageFile size 78M)
current process WorkingSet (physical memory assigned to process): 10M, peak: 10M
current process commit charge ("private bytes"): 64M, peak: 288M

vm_info: OpenJDK 64-Bit Server VM (17.0.6+0-b2043.56-10027231) for windows-amd64 JRE (17.0.6+0-b2043.56-10027231), built on Apr 28 2023 00:43:19 by "androidbuild" with MS VC++ 16.10 / 16.11 (VS2019)

END.
